SF:lib/src/rss/bloc/rss_bloc.dart
DA:14,1
DA:15,1
DA:18,1
DA:21,3
DA:23,4
DA:24,1
DA:25,4
DA:27,0
DA:28,0
DA:32,1
DA:33,2
LF:11
LH:9
end_of_record
SF:lib/src/common/response.dart
DA:8,0
LF:1
LH:0
end_of_record
SF:lib/src/request/bloc/request_bloc.dart
DA:9,1
DA:10,1
DA:13,1
DA:16,3
DA:18,2
DA:19,2
DA:21,1
DA:22,2
DA:24,0
DA:28,1
DA:30,1
DA:31,1
LF:12
LH:11
end_of_record
SF:lib/src/rest/bloc/rest_bloc.dart
DA:16,1
DA:17,2
DA:19,1
DA:20,0
DA:23,1
DA:24,1
DA:26,0
DA:29,1
DA:32,3
DA:34,2
DA:35,5
DA:36,4
DA:37,3
DA:38,4
DA:39,1
DA:40,1
DA:41,1
DA:42,1
DA:43,4
DA:44,1
DA:45,1
DA:46,1
DA:47,1
DA:48,4
DA:49,1
DA:50,1
DA:51,1
DA:52,1
DA:53,2
DA:54,1
DA:55,1
DA:56,1
DA:57,2
DA:59,0
DA:60,0
DA:62,0
DA:63,0
DA:68,1
DA:73,2
DA:79,1
DA:85,2
DA:92,1
DA:98,2
DA:105,1
DA:111,2
DA:118,1
DA:122,1
DA:123,1
DA:125,0
LF:49
LH:42
end_of_record
SF:lib/src/common/data_source.dart
DA:9,1
DA:11,0
DA:13,1
DA:17,6
DA:19,2
DA:20,1
DA:21,0
DA:24,1
DA:30,6
DA:34,4
DA:35,1
DA:37,0
DA:40,1
DA:46,6
DA:50,2
DA:51,1
DA:53,0
DA:56,1
DA:61,2
DA:62,4
DA:66,2
DA:67,1
DA:69,0
DA:72,1
DA:74,5
DA:75,2
DA:76,1
DA:78,0
LF:28
LH:22
end_of_record
SF:lib/src/common/response_extension.dart
DA:6,2
DA:7,2
DA:8,1
DA:11,2
DA:13,0
DA:14,0
DA:15,0
DA:16,0
DA:17,0
DA:18,0
DA:19,0
DA:20,0
DA:21,0
DA:22,0
DA:23,0
DA:24,0
DA:25,0
DA:28,0
DA:29,0
DA:30,0
DA:31,0
DA:33,0
DA:34,0
LF:23
LH:4
end_of_record
SF:lib/src/common/rss_source.dart
DA:8,1
DA:9,4
DA:10,3
DA:11,0
LF:4
LH:3
end_of_record
SF:lib/src/request/bloc/request_state.freezed.dart
DA:47,0
DA:49,0
DA:50,0
DA:53,0
DA:54,0
DA:59,0
DA:60,0
DA:63,0
DA:65,0
DA:76,1
DA:78,0
DA:83,1
DA:85,1
DA:88,0
DA:89,0
DA:91,0
DA:99,0
DA:100,0
DA:101,0
DA:102,0
DA:103,0
DA:106,0
DA:115,0
DA:117,0
DA:119,0
DA:122,0
DA:130,0
DA:131,0
DA:132,0
DA:133,0
DA:134,0
DA:137,0
DA:146,0
DA:148,0
DA:150,0
DA:159,0
DA:164,0
DA:166,0
DA:169,0
DA:172,0
DA:173,0
DA:174,0
DA:177,0
DA:179,0
DA:181,0
DA:185,0
DA:186,0
DA:190,0
DA:198,0
DA:199,0
DA:200,0
DA:201,0
DA:202,0
DA:205,0
DA:214,0
DA:216,0
DA:218,0
DA:221,0
DA:229,0
DA:230,0
DA:231,0
DA:232,0
DA:233,0
DA:236,0
DA:245,0
DA:247,0
DA:249,0
DA:262,1
DA:264,0
DA:269,1
DA:271,1
DA:274,0
DA:275,0
DA:277,0
DA:285,0
DA:286,0
DA:287,0
DA:288,0
DA:289,0
DA:292,0
DA:301,0
DA:303,0
DA:305,0
DA:308,0
DA:316,0
DA:317,0
DA:318,0
DA:319,0
DA:320,0
DA:323,0
DA:332,0
DA:334,0
DA:336,0
DA:345,1
DA:354,0
DA:356,0
DA:359,0
DA:362,0
DA:363,0
DA:364,0
DA:365,0
DA:367,0
DA:368,0
DA:370,0
DA:373,0
DA:375,0
DA:376,0
DA:377,0
DA:378,0
DA:380,0
DA:386,0
DA:387,0
DA:389,0
DA:390,0
DA:394,0
DA:402,0
DA:403,0
DA:404,0
DA:405,0
DA:406,0
DA:409,0
DA:418,0
DA:420,0
DA:422,0
DA:425,0
DA:433,0
DA:434,0
DA:435,0
DA:436,0
DA:437,0
DA:440,0
DA:449,0
DA:451,0
DA:453,0
LF:134
LH:7
end_of_record
SF:lib/src/request/bloc/request_event.freezed.dart
DA:20,0
DA:22,0
DA:24,0
DA:35,1
DA:37,0
DA:38,0
DA:48,0
DA:50,0
DA:53,0
DA:56,0
DA:57,0
DA:59,0
DA:60,0
DA:62,0
DA:63,0
DA:65,0
DA:68,0
DA:70,0
DA:71,0
DA:72,0
DA:73,0
DA:75,0
DA:81,0
DA:82,0
DA:83,0
DA:85,0
LF:26
LH:1
end_of_record
SF:lib/src/rest/bloc/rest_event.freezed.dart
DA:77,0
DA:79,0
DA:84,0
DA:93,0
DA:99,0
DA:109,0
DA:115,0
DA:125,0
DA:131,0
DA:141,0
DA:143,0
DA:154,1
DA:156,0
DA:170,0
DA:172,0
DA:175,0
DA:178,0
DA:179,0
DA:180,0
DA:181,0
DA:183,0
DA:184,0
DA:186,0
DA:187,0
DA:188,0
DA:189,0
DA:191,0
DA:194,0
DA:196,0
DA:197,0
DA:198,0
DA:199,0
DA:200,0
DA:201,0
DA:203,0
DA:211,0
DA:212,0
DA:213,0
DA:215,0
DA:216,0
DA:218,0
DA:222,0
DA:246,0
DA:247,0
DA:248,0
DA:249,0
DA:250,0
DA:251,0
DA:254,0
DA:268,0
DA:270,0
DA:272,0
DA:275,1
DA:284,0
DA:285,0
DA:286,0
DA:287,0
DA:288,0
DA:289,1
DA:292,0
DA:302,0
DA:304,0
DA:306,0
DA:336,1
DA:342,0
DA:358,0
DA:360,0
DA:363,0
DA:366,0
DA:367,0
DA:368,0
DA:369,0
DA:371,0
DA:372,0
DA:374,0
DA:375,0
DA:376,0
DA:377,0
DA:379,0
DA:380,0
DA:382,0
DA:385,0
DA:387,0
DA:388,0
DA:389,0
DA:390,0
DA:391,0
DA:392,0
DA:393,0
DA:395,0
DA:404,0
DA:405,0
DA:406,0
DA:408,0
DA:409,0
DA:411,0
DA:413,0
DA:417,0
DA:441,0
DA:442,0
DA:443,0
DA:444,0
DA:445,0
DA:446,0
DA:449,0
DA:463,0
DA:465,0
DA:467,0
DA:470,1
DA:479,0
DA:480,0
DA:481,0
DA:482,0
DA:483,0
DA:484,1
DA:487,0
DA:497,0
DA:499,0
DA:501,0
DA:534,1
DA:540,0
DA:556,0
DA:558,0
DA:561,0
DA:564,0
DA:565,0
DA:566,0
DA:567,0
DA:569,0
DA:570,0
DA:572,0
DA:573,0
DA:574,0
DA:575,0
DA:577,0
DA:578,0
DA:580,0
DA:583,0
DA:585,0
DA:586,0
DA:587,0
DA:588,0
DA:589,0
DA:590,0
DA:591,0
DA:593,0
DA:602,0
DA:603,0
DA:604,0
DA:606,0
DA:607,0
DA:609,0
DA:611,0
DA:615,0
DA:639,0
DA:640,0
DA:641,0
DA:642,0
DA:643,0
DA:644,0
DA:647,0
DA:661,0
DA:663,0
DA:665,0
DA:668,1
DA:677,0
DA:678,0
DA:679,0
DA:680,0
DA:681,0
DA:682,1
DA:685,0
DA:695,0
DA:697,0
DA:699,0
DA:732,1
DA:738,0
DA:754,0
DA:756,0
DA:759,0
DA:762,0
DA:763,0
DA:764,0
DA:765,0
DA:767,0
DA:768,0
DA:770,0
DA:771,0
DA:772,0
DA:773,0
DA:775,0
DA:776,0
DA:778,0
DA:781,0
DA:783,0
DA:784,0
DA:785,0
DA:786,0
DA:787,0
DA:788,0
DA:789,0
DA:791,0
DA:800,0
DA:801,0
DA:802,0
DA:804,0
DA:805,0
DA:807,0
DA:809,0
DA:813,0
DA:837,0
DA:838,0
DA:839,0
DA:840,0
DA:841,0
DA:842,0
DA:845,0
DA:859,0
DA:861,0
DA:863,0
DA:866,1
DA:875,0
DA:876,0
DA:877,0
DA:878,0
DA:879,0
DA:880,1
DA:883,0
DA:893,0
DA:895,0
DA:897,0
DA:930,1
DA:931,0
DA:941,0
DA:943,0
DA:946,0
DA:949,0
DA:950,0
DA:951,0
DA:952,0
DA:954,0
DA:955,0
DA:957,0
DA:960,0
DA:962,0
DA:963,0
DA:964,0
DA:965,0
DA:967,0
DA:973,0
DA:974,0
DA:976,0
DA:978,0
DA:982,0
DA:1006,0
DA:1007,0
DA:1008,0
DA:1009,0
DA:1010,0
DA:1011,0
DA:1014,0
DA:1028,0
DA:1030,0
DA:1032,0
DA:1035,1
DA:1044,0
DA:1045,0
DA:1046,0
DA:1047,0
DA:1048,0
DA:1049,1
DA:1052,0
DA:1062,0
DA:1064,0
DA:1066,0
LF:275
LH:15
end_of_record
SF:lib/src/rest/bloc/rest_state.freezed.dart
DA:50,0
DA:52,0
DA:53,0
DA:56,0
DA:57,0
DA:63,0
DA:64,0
DA:67,0
DA:72,0
DA:84,1
DA:86,0
DA:91,1
DA:93,1
DA:96,0
DA:97,0
DA:99,0
DA:109,0
DA:110,0
DA:111,0
DA:112,0
DA:113,0
DA:116,0
DA:126,0
DA:128,0
DA:130,0
DA:133,0
DA:141,0
DA:142,0
DA:143,0
DA:144,0
DA:145,0
DA:148,0
DA:157,0
DA:159,0
DA:161,0
DA:170,0
DA:177,0
DA:179,0
DA:182,0
DA:185,0
DA:186,0
DA:188,0
DA:189,0
DA:191,0
DA:194,0
DA:196,0
DA:197,0
DA:198,0
DA:200,0
DA:205,0
DA:206,0
DA:208,0
DA:212,0
DA:222,0
DA:223,0
DA:224,0
DA:225,0
DA:226,0
DA:229,0
DA:239,0
DA:241,0
DA:243,0
DA:246,0
DA:254,0
DA:255,0
DA:256,0
DA:257,0
DA:258,0
DA:261,0
DA:270,0
DA:272,0
DA:274,0
DA:289,1
DA:291,0
DA:296,1
DA:298,1
DA:301,0
DA:302,0
DA:304,0
DA:314,0
DA:315,0
DA:316,0
DA:317,0
DA:318,0
DA:321,0
DA:331,0
DA:333,0
DA:335,0
DA:338,0
DA:346,0
DA:347,0
DA:348,0
DA:349,0
DA:350,0
DA:353,0
DA:362,0
DA:364,0
DA:366,0
DA:375,1
DA:386,0
DA:388,0
DA:391,0
DA:394,0
DA:395,0
DA:397,0
DA:398,0
DA:400,0
DA:401,0
DA:403,0
DA:404,0
DA:405,0
DA:408,0
DA:410,0
DA:411,0
DA:412,0
DA:413,0
DA:414,0
DA:416,0
DA:423,0
DA:425,0
DA:426,0
DA:427,0
DA:428,0
DA:432,0
DA:442,0
DA:443,0
DA:444,0
DA:445,0
DA:446,0
DA:449,0
DA:459,0
DA:461,0
DA:463,0
DA:466,0
DA:474,0
DA:475,0
DA:476,0
DA:477,0
DA:478,0
DA:481,0
DA:490,0
DA:492,0
DA:494,0
LF:143
LH:7
end_of_record
SF:lib/src/rss/bloc/rss_state.freezed.dart
DA:47,0
DA:49,0
DA:50,0
DA:53,0
DA:54,0
DA:59,0
DA:60,0
DA:63,0
DA:64,0
DA:74,1
DA:76,0
DA:81,1
DA:83,1
DA:86,0
DA:87,0
DA:89,0
DA:97,0
DA:98,0
DA:99,0
DA:100,0
DA:101,0
DA:104,0
DA:113,0
DA:115,0
DA:117,0
DA:120,0
DA:128,0
DA:129,0
DA:130,0
DA:131,0
DA:132,0
DA:135,0
DA:144,0
DA:146,0
DA:148,0
DA:157,0
DA:162,0
DA:164,0
DA:167,0
DA:170,0
DA:171,0
DA:172,0
DA:175,0
DA:177,0
DA:179,0
DA:183,0
DA:184,0
DA:188,0
DA:196,0
DA:197,0
DA:198,0
DA:199,0
DA:200,0
DA:203,0
DA:212,0
DA:214,0
DA:216,0
DA:219,0
DA:227,0
DA:228,0
DA:229,0
DA:230,0
DA:231,0
DA:234,0
DA:243,0
DA:245,0
DA:247,0
DA:260,1
DA:262,0
DA:267,1
DA:269,1
DA:272,0
DA:273,0
DA:275,0
DA:283,0
DA:284,0
DA:285,0
DA:286,0
DA:287,0
DA:290,0
DA:299,0
DA:301,0
DA:303,0
DA:306,0
DA:314,0
DA:315,0
DA:316,0
DA:317,0
DA:318,0
DA:321,0
DA:330,0
DA:332,0
DA:334,0
DA:343,1
DA:350,0
DA:352,0
DA:355,0
DA:358,0
DA:359,0
DA:360,0
DA:361,0
DA:363,0
DA:366,0
DA:368,0
DA:369,0
DA:370,0
DA:372,0
DA:377,0
DA:378,0
DA:379,0
DA:383,0
DA:391,0
DA:392,0
DA:393,0
DA:394,0
DA:395,0
DA:398,0
DA:407,0
DA:409,0
DA:411,0
DA:414,0
DA:422,0
DA:423,0
DA:424,0
DA:425,0
DA:426,0
DA:429,0
DA:438,0
DA:440,0
DA:442,0
LF:130
LH:7
end_of_record
SF:lib/src/rss/bloc/rss_event.freezed.dart
DA:18,0
DA:20,0
DA:21,0
DA:31,1
DA:39,0
DA:41,0
DA:44,0
DA:47,0
DA:48,0
DA:49,0
DA:50,0
DA:52,0
DA:55,0
DA:57,0
DA:58,0
DA:59,0
DA:61,0
DA:66,0
DA:67,0
DA:69,0
LF:20
LH:1
end_of_record
